[2026-03-13 10:45:56,902: INFO: server: Started server process [21668]]
[2026-03-13 10:45:56,902: INFO: on: Waiting for application startup.]
[2026-03-13 10:45:56,902: INFO: on: Application startup complete.]
[2026-03-13 10:45:56,902: INFO: server: Uvicorn running on http://0.0.0.0:8080 (Press CTRL+C to quit)]
[2026-03-13 10:46:53,342: INFO: server: Shutting down]
[2026-03-13 10:46:53,455: INFO: on: Waiting for application shutdown.]
[2026-03-13 10:46:53,456: INFO: on: Application shutdown complete.]
[2026-03-13 10:46:53,456: INFO: server: Finished server process [21668]]
[2026-03-13 11:04:17,628: INFO: common: yaml file: config\config.yaml loaded successfully]
[2026-03-13 11:04:17,644: INFO: common: yaml file: params.yaml loaded successfully]
[2026-03-13 11:04:17,646: INFO: common: created directory at: artifacts]
[2026-03-13 11:04:17,647: INFO: common: created directory at: artifacts/data_ingestion]
[2026-03-13 11:04:21,209: INFO: 1434958058: artifacts/data_ingestion/data.zip download! with following info: 
Connection: close
Content-Length: 7903594
Cache-Control: max-age=300
Content-Security-Policy: default-src 'none'; style-src 'unsafe-inline'; sandbox
Content-Type: application/zip
ETag: "dbc016a060da18070593b83afff580c9b300f0b6ea4147a7988433e04df246ca"
Strict-Transport-Security: max-age=31536000
X-Content-Type-Options: nosniff
X-Frame-Options: deny
X-XSS-Protection: 1; mode=block
X-GitHub-Request-Id: 8924:22FCC9:97117:12C55B:69B38CC6
Accept-Ranges: bytes
Date: Fri, 13 Mar 2026 04:04:23 GMT
Via: 1.1 varnish
X-Served-By: cache-sin-wsat1880044-SIN
X-Cache: MISS
X-Cache-Hits: 0
X-Timer: S1773374663.058830,VS0,VE611
Vary: Authorization,Accept-Encoding
Access-Control-Allow-Origin: *
Cross-Origin-Resource-Policy: cross-origin
X-Fastly-Request-ID: 6330d78b297a96b54b5145fd09a947093c4e83ab
Expires: Fri, 13 Mar 2026 04:09:23 GMT
Source-Age: 0

]
[2026-03-13 11:05:34,409: INFO: common: yaml file: config\config.yaml loaded successfully]
[2026-03-13 11:05:34,413: INFO: common: yaml file: params.yaml loaded successfully]
[2026-03-13 11:05:34,414: INFO: common: created directory at: artifacts]
[2026-03-13 11:05:34,414: INFO: common: created directory at: artifacts/data_validation]
[2026-03-13 11:33:08,398: INFO: config: TensorFlow version 2.13.0 available.]
[2026-03-13 11:33:08,411: INFO: config: JAX version 0.4.30 available.]
[2026-03-13 12:47:29,034: INFO: server: Started server process [25660]]
[2026-03-13 12:47:29,034: INFO: on: Waiting for application startup.]
[2026-03-13 12:47:29,034: INFO: on: Application startup complete.]
[2026-03-13 12:47:29,034: INFO: server: Uvicorn running on http://0.0.0.0:8080 (Press CTRL+C to quit)]
[2026-03-13 12:56:59,570: INFO: server: Shutting down]
[2026-03-13 12:56:59,674: INFO: on: Waiting for application shutdown.]
[2026-03-13 12:56:59,675: INFO: on: Application shutdown complete.]
[2026-03-13 12:56:59,675: INFO: server: Finished server process [25660]]
[2026-03-13 13:40:58,557: INFO: server: Started server process [12344]]
[2026-03-13 13:40:58,557: INFO: on: Waiting for application startup.]
[2026-03-13 13:40:58,557: INFO: on: Application startup complete.]
[2026-03-13 13:40:58,557: INFO: server: Uvicorn running on http://0.0.0.0:8080 (Press CTRL+C to quit)]
[2026-03-13 13:41:09,262: INFO: server: Shutting down]
[2026-03-13 13:41:09,374: INFO: on: Waiting for application shutdown.]
[2026-03-13 13:41:09,374: INFO: on: Application shutdown complete.]
[2026-03-13 13:41:09,374: INFO: server: Finished server process [12344]]
[2026-03-13 17:08:37,173: INFO: common: yaml file: config\config.yaml loaded successfully]
[2026-03-13 17:08:37,188: INFO: common: yaml file: params.yaml loaded successfully]
[2026-03-13 17:08:37,190: INFO: common: created directory at: artifacts]
[2026-03-13 17:08:37,190: INFO: common: created directory at: artifacts/data_transformation]
[2026-03-13 17:15:02,844: INFO: common: yaml file: config\config.yaml loaded successfully]
[2026-03-13 17:15:02,844: INFO: common: yaml file: params.yaml loaded successfully]
[2026-03-13 17:15:02,852: INFO: common: created directory at: artifacts]
[2026-03-13 17:15:02,852: INFO: common: created directory at: artifacts/data_transformation]
[2026-03-13 17:20:50,459: INFO: common: yaml file: config\config.yaml loaded successfully]
[2026-03-13 17:20:50,463: INFO: common: yaml file: params.yaml loaded successfully]
[2026-03-13 17:20:50,465: INFO: common: created directory at: artifacts]
[2026-03-13 17:20:50,467: INFO: common: created directory at: artifacts/data_transformation]
[2026-03-14 15:31:58,104: INFO: server: Started server process [17036]]
[2026-03-14 15:31:58,106: INFO: on: Waiting for application startup.]
[2026-03-14 15:31:58,106: INFO: on: Application startup complete.]
[2026-03-14 15:31:58,106: INFO: server: Uvicorn running on http://0.0.0.0:8080 (Press CTRL+C to quit)]
[2026-03-14 16:22:14,077: INFO: server: Shutting down]
[2026-03-14 16:22:14,179: INFO: on: Waiting for application shutdown.]
[2026-03-14 16:22:14,179: INFO: on: Application shutdown complete.]
[2026-03-14 16:22:14,179: INFO: server: Finished server process [17036]]
